SpeechBrain system description
==============================
Python version:
3.10.14 (main, May  6 2024, 19:42:50) [GCC 11.2.0]
==============================
Installed Python packages:
aiohttp==3.9.5
aiosignal==1.3.1
annotated-types==0.7.0
anyio==4.4.0
asttokens @ file:///home/conda/feedstock_root/build_artifacts/asttokens_1698341106958/work
async-timeout==4.0.3
attrs==23.2.0
audioread==3.0.1
black==24.3.0
braceexpand==0.1.7
certifi==2024.7.4
cffi==1.16.0
cfgv==3.4.0
charset-normalizer==3.3.2
click==8.1.7
comm @ file:///home/conda/feedstock_root/build_artifacts/comm_1710320294760/work
datasets==2.20.0
debugpy @ file:///croot/debugpy_1690905042057/work
decorator @ file:///home/conda/feedstock_root/build_artifacts/decorator_1641555617451/work
dill==0.3.8
distlib==0.3.8
docstring_parser_fork==0.0.9
exceptiongroup @ file:///home/conda/feedstock_root/build_artifacts/exceptiongroup_1720869315914/work
executing @ file:///home/conda/feedstock_root/build_artifacts/executing_1698579936712/work
filelock==3.15.4
flake8==7.0.0
frozenlist==1.4.1
fsspec==2024.5.0
h11==0.14.0
httpcore==1.0.5
httpx==0.27.0
huggingface-hub==0.24.2
HyperPyYAML==1.2.2
identify==2.6.0
idna==3.7
importlib_metadata @ file:///home/conda/feedstock_root/build_artifacts/importlib-metadata_1721856510709/work
iniconfig==2.0.0
ipykernel @ file:///home/conda/feedstock_root/build_artifacts/ipykernel_1719845459717/work
ipython @ file:///home/conda/feedstock_root/build_artifacts/ipython_1719582526268/work
isort==5.13.2
jedi @ file:///home/conda/feedstock_root/build_artifacts/jedi_1696326070614/work
Jinja2==3.1.4
joblib==1.4.2
jupyter_client @ file:///home/conda/feedstock_root/build_artifacts/jupyter_client_1716472197302/work
jupyter_core @ file:///home/conda/feedstock_root/build_artifacts/jupyter_core_1710257277185/work
lazy_loader==0.4
librosa==0.10.2.post1
llvmlite==0.43.0
MarkupSafe==2.1.5
matplotlib-inline @ file:///home/conda/feedstock_root/build_artifacts/matplotlib-inline_1713250518406/work
mccabe==0.7.0
mpmath==1.3.0
msgpack==1.0.8
multidict==6.0.5
multiprocess==0.70.16
mypy-extensions==1.0.0
nest_asyncio @ file:///home/conda/feedstock_root/build_artifacts/nest-asyncio_1705850609492/work
networkx==3.3
nodeenv==1.9.1
numba==0.60.0
numpy==1.26.4
nvidia-cublas-cu12==12.1.3.1
nvidia-cuda-cupti-cu12==12.1.105
nvidia-cuda-nvrtc-cu12==12.1.105
nvidia-cuda-runtime-cu12==12.1.105
nvidia-cudnn-cu12==9.1.0.70
nvidia-cufft-cu12==11.0.2.54
nvidia-curand-cu12==10.3.2.106
nvidia-cusolver-cu12==11.4.5.107
nvidia-cusparse-cu12==12.1.0.106
nvidia-nccl-cu12==2.20.5
nvidia-nvjitlink-cu12==12.5.82
nvidia-nvtx-cu12==12.1.105
packaging @ file:///home/conda/feedstock_root/build_artifacts/packaging_1718189413536/work
pandas==2.2.2
parso @ file:///home/conda/feedstock_root/build_artifacts/parso_1712320355065/work
pathspec==0.12.1
pexpect @ file:///home/conda/feedstock_root/build_artifacts/pexpect_1706113125309/work
pickleshare @ file:///home/conda/feedstock_root/build_artifacts/pickleshare_1602536217715/work
pillow==10.4.0
platformdirs @ file:///home/conda/feedstock_root/build_artifacts/platformdirs_1715777629804/work
pluggy==1.5.0
pooch==1.8.2
pre-commit==3.8.0
prompt_toolkit @ file:///home/conda/feedstock_root/build_artifacts/prompt-toolkit_1718047967974/work
psutil @ file:///home/conda/feedstock_root/build_artifacts/psutil_1719274566094/work
ptyprocess @ file:///home/conda/feedstock_root/build_artifacts/ptyprocess_1609419310487/work/dist/ptyprocess-0.7.0-py2.py3-none-any.whl
pure_eval @ file:///home/conda/feedstock_root/build_artifacts/pure_eval_1721585709575/work
pyarrow==17.0.0
pyarrow-hotfix==0.6
pycodestyle==2.11.0
pycparser==2.22
pydantic==2.8.2
pydantic_core==2.20.1
pydoclint==0.4.1
pyflakes==3.2.0
Pygments @ file:///home/conda/feedstock_root/build_artifacts/pygments_1714846767233/work
pygtrie==2.5.0
pytest==7.4.0
python-dateutil @ file:///home/conda/feedstock_root/build_artifacts/python-dateutil_1709299778482/work
pytz==2024.1
PyYAML==6.0.1
pyzmq @ file:///croot/pyzmq_1705605076900/work
regex==2024.7.24
replicate==0.30.1
requests==2.32.3
ruamel.yaml==0.18.6
ruamel.yaml.clib==0.2.8
safetensors==0.4.3
scikit-learn==1.5.1
scipy==1.12.0
sentencepiece==0.2.0
six @ file:///home/conda/feedstock_root/build_artifacts/six_1620240208055/work
sniffio==1.3.1
soundfile==0.12.1
soxr==0.4.0
speechbrain @ git+https://github.com/speechbrain/speechbrain.git@46e282f46e3047fca30fc914d0cb39ab2684238d
stack-data @ file:///home/conda/feedstock_root/build_artifacts/stack_data_1669632077133/work
sympy==1.13.1
threadpoolctl==3.5.0
tokenizers==0.19.1
tomli==2.0.1
torch==2.4.0
torchaudio==2.4.0
tornado @ file:///home/conda/feedstock_root/build_artifacts/tornado_1717722796999/work
tqdm==4.66.4
traitlets @ file:///home/conda/feedstock_root/build_artifacts/traitlets_1713535121073/work
transformers==4.43.3
triton==3.0.0
typing_extensions @ file:///home/conda/feedstock_root/build_artifacts/typing_extensions_1717802530399/work
tzdata==2024.1
urllib3==2.2.2
virtualenv==20.26.3
wcwidth @ file:///home/conda/feedstock_root/build_artifacts/wcwidth_1704731205417/work
webdataset==0.2.86
xxhash==3.4.1
yamllint==1.35.1
yarl==1.9.4
zipp @ file:///home/conda/feedstock_root/build_artifacts/zipp_1718013267051/work
==============================
Git revision:
8d49ea9
==============================
CUDA version:
12.1